============================= test session starts =============================
platform win32 -- Python 3.12.8, pytest-8.3.5, pluggy-1.5.0 -- C:\Users\Antonio\.pyenv\pyenv-win\versions\3.12.8\python.exe
cachedir: .pytest_cache
rootdir: C:\Users\Antonio\Desktop\Fotix
configfile: pyproject.toml
plugins: anyio-4.8.0, Faker-37.1.0, langsmith-0.3.23, asyncio-0.21.1, cov-4.1.0, django-4.5.2
asyncio: mode=Mode.STRICT
collecting ... collected 12 items

tests/unit/infrastructure/test_logging_config.py::test_configure_logging_creates_logger PASSED [  8%]
tests/unit/infrastructure/test_logging_config.py::test_configure_logging_sets_level_from_config PASSED [ 16%]
tests/unit/infrastructure/test_logging_config.py::test_configure_logging_adds_console_handler PASSED [ 25%]
tests/unit/infrastructure/test_logging_config.py::test_configure_logging_adds_file_handler PASSED [ 33%]
tests/unit/infrastructure/test_logging_config.py::test_configure_logging_disables_console_handler PASSED [ 41%]
tests/unit/infrastructure/test_logging_config.py::test_configure_logging_disables_file_handler PASSED [ 50%]
tests/unit/infrastructure/test_logging_config.py::test_get_logger_calls_configure_logging PASSED [ 58%]
tests/unit/infrastructure/test_logging_config.py::test_get_logger_returns_module_logger PASSED [ 66%]
tests/unit/infrastructure/test_logging_config.py::test_get_logger_handles_full_name PASSED [ 75%]
tests/unit/infrastructure/test_logging_config.py::test_set_log_level_with_string PASSED [ 83%]
tests/unit/infrastructure/test_logging_config.py::test_set_log_level_with_constant PASSED [ 91%]
tests/unit/infrastructure/test_logging_config.py::test_set_log_level_for_root_logger PASSED [100%]

---------- coverage: platform win32, python 3.12.8-final-0 -----------
Name                                         Stmts   Miss  Cover   Missing
--------------------------------------------------------------------------
src\fotix\__init__.py                            1      0   100%
src\fotix\config.py                             57     10    82%   89-91, 103, 119-120, 135, 140, 152, 161
src\fotix\infrastructure\__init__.py             0      0   100%
src\fotix\infrastructure\logging_config.py      67      1    99%   51
--------------------------------------------------------------------------
TOTAL                                          125     11    91%


============================= 12 passed in 1.12s ==============================
